Arguments: 
  /usr/local/bin/node /usr/local/bin/yarn add @types/typeorm

PATH: 
  /usr/local/bin:/usr/bin:/bin:/usr/sbin:/sbin:/Applications/Postgres.app/Contents/Versions/latest/bin

Yarn version: 
  1.22.19

Node version: 
  16.16.0

Platform: 
  darwin x64

Trace: 
  Error: https://registry.yarnpkg.com/@types%2ftypeorm: Not found
      at Request.params.callback [as _callback] (/usr/local/lib/node_modules/yarn/lib/cli.js:66145:18)
      at Request.self.callback (/usr/local/lib/node_modules/yarn/lib/cli.js:140890:22)
      at Request.emit (node:events:527:28)
      at Request.<anonymous> (/usr/local/lib/node_modules/yarn/lib/cli.js:141862:10)
      at Request.emit (node:events:527:28)
      at IncomingMessage.<anonymous> (/usr/local/lib/node_modules/yarn/lib/cli.js:141784:12)
      at Object.onceWrapper (node:events:641:28)
      at IncomingMessage.emit (node:events:539:35)
      at endReadableNT (node:internal/streams/readable:1345:12)
      at processTicksAndRejections (node:internal/process/task_queues:83:21)

npm manifest: 
  {
    "name": "sprint5",
    "version": "1.0.0",
    "main": "index.ts",
    "author": "Felipe <felipe.silva@kenzie.com.br>",
    "license": "MIT",
    "scripts": {
      "dev": "ts-node-dev --ignore-watch node_modules src/server.ts",
      "build": "tsc",
      "typeorm": "typeorm-ts-node-commonjs",
      "test": "cross-env NODE_ENV=test SECRET_KEY=secret_key jest"
    },
    "devDependencies": {
      "@types/express": "^4.17.13",
      "@types/jest": "^28.1.4",
      "@types/supertest": "^2.0.12",
      "jest": "^28.1.2",
      "sqlite3": "^5.0.8",
      "supertest": "^6.2.4",
      "ts-jest": "^28.0.5",
      "ts-node-dev": "^2.0.0",
      "typescript": "^4.7.4"
    },
    "dependencies": {
      "cross-env": "^7.0.3",
      "dotenv": "^16.0.1",
      "express": "^4.18.1",
      "express-async-errors": "^3.1.1",
      "pg": "^8.7.3",
      "reflect-metadata": "^0.1.13",
      "typeorm": "^0.3.6"
    }
  }

yarn manifest: 
  No manifest

Lockfile: 
  No lockfile
